SF:lib\app\modules\my_app.dart
DA:12,4
DA:14,4
DA:16,4
LF:3
LH:3
end_of_record
SF:lib\app\data\models\counter_mixin.dart
DA:16,1
DA:17,2
LF:2
LH:2
end_of_record
SF:lib\app\screens\myhomepage\managers\my_home_page.dart
DA:11,6
DA:29,4
DA:30,4
LF:3
LH:3
end_of_record
SF:lib\app\screens\myhomepage\statecontainers\my_home_page_state.dart
DA:14,1
DA:15,2
DA:21,1
DA:25,4
DA:33,4
DA:34,4
DA:37,12
DA:40,4
DA:43,4
DA:59,4
DA:60,4
DA:61,8
DA:63,4
DA:64,8
DA:65,12
DA:70,4
DA:71,4
LF:17
LH:17
end_of_record
